{"numFailedTestSuites":0,"numFailedTests":0,"numPassedTestSuites":4,"numPassedTests":10,"numPendingTestSuites":0,"numPendingTests":0,"numRuntimeErrorTestSuites":0,"numTodoTests":0,"numTotalTestSuites":4,"numTotalTests":10,"openHandles":[],"snapshot":{"added":0,"didUpdate":false,"failure":false,"filesAdded":0,"filesRemoved":0,"filesRemovedList":[],"filesUnmatched":0,"filesUpdated":0,"matched":0,"total":0,"unchecked":0,"uncheckedKeysByFile":[],"unmatched":0,"updated":0},"startTime":1753175123485,"success":true,"testResults":[{"assertionResults":[{"ancestorTitles":["RestaurantSearch"],"failureMessages":[],"fullName":"RestaurantSearch searches by cuisine and displays results","location":null,"status":"passed","title":"searches by cuisine and displays results"},{"ancestorTitles":["RestaurantSearch"],"failureMessages":[],"fullName":"RestaurantSearch shows no results if search returns empty","location":null,"status":"passed","title":"shows no results if search returns empty"},{"ancestorTitles":["RestaurantSearch"],"failureMessages":[],"fullName":"RestaurantSearch shows error on failure","location":null,"status":"passed","title":"shows error on failure"}],"endTime":1753175126628,"message":"","name":"/home/coder/project/workspace/question_generation_service/solutions/2cfa029e-02f0-4a82-8338-b49851cb5ff9/reactapp/src/components/RestaurantSearch.test.js","startTime":1753175124505,"status":"passed","summary":""},{"assertionResults":[{"ancestorTitles":["RestaurantList"],"failureMessages":[],"fullName":"RestaurantList renders loading state then restaurant list","location":null,"status":"passed","title":"renders loading state then restaurant list"},{"ancestorTitles":["RestaurantList"],"failureMessages":[],"fullName":"RestaurantList shows error on fetch failure","location":null,"status":"passed","title":"shows error on fetch failure"},{"ancestorTitles":["RestaurantList"],"failureMessages":[],"fullName":"RestaurantList navigates to details on \"Book Table\" click","location":null,"status":"passed","title":"navigates to details on \"Book Table\" click"}],"endTime":1753175126666,"message":"","name":"/home/coder/project/workspace/question_generation_service/solutions/2cfa029e-02f0-4a82-8338-b49851cb5ff9/reactapp/src/components/RestaurantList.test.js","startTime":1753175124529,"status":"passed","summary":""},{"assertionResults":[{"ancestorTitles":["ReservationForm"],"failureMessages":[],"fullName":"ReservationForm validates input and shows errors","location":null,"status":"passed","title":"validates input and shows errors"},{"ancestorTitles":["ReservationForm"],"failureMessages":[],"fullName":"ReservationForm successfully submits with valid data","location":null,"status":"passed","title":"successfully submits with valid data"}],"endTime":1753175126739,"message":"","name":"/home/coder/project/workspace/question_generation_service/solutions/2cfa029e-02f0-4a82-8338-b49851cb5ff9/reactapp/src/components/ReservationForm.test.js","startTime":1753175124526,"status":"passed","summary":""},{"assertionResults":[{"ancestorTitles":["ReservationStatus"],"failureMessages":[],"fullName":"ReservationStatus renders and handles confirm/reject","location":null,"status":"passed","title":"renders and handles confirm/reject"},{"ancestorTitles":["ReservationStatus"],"failureMessages":[],"fullName":"ReservationStatus disables buttons appropriately","location":null,"status":"passed","title":"disables buttons appropriately"}],"endTime":1753175126878,"message":"","name":"/home/coder/project/workspace/question_generation_service/solutions/2cfa029e-02f0-4a82-8338-b49851cb5ff9/reactapp/src/components/ReservationStatus.test.js","startTime":1753175126660,"status":"passed","summary":""}],"wasInterrupted":false}